<?xml version="1.0" encoding="UTF-8"?>
<!-- Generated by org.testng.reporters.JUnitReportReporter -->
<testsuite hostname="CHAITUVINI" failures="0" tests="1" name="JenkinsDemo.DemoTest3" time="0.006" errors="0" timestamp="2023-01-10T12:31:06 IST" skipped="0">
  <testcase classname="JenkinsDemo.DemoTest3" name="m3" time="0.006"/>
  <system-out>
    <![CDATA[hieeeeee]]>
  </system-out>
</testsuite> <!-- JenkinsDemo.DemoTest3 -->
