<?xml version="1.0" encoding="UTF-8"?>
<!-- Generated by org.testng.reporters.JUnitReportReporter -->
<testsuite hostname="CHAITUVINI" failures="0" tests="1" name="Demo.DemoTest2" time="0.005" errors="0" timestamp="2023-01-10T13:58:28 IST" skipped="0">
  <testcase classname="Demo.DemoTest2" name="m2" time="0.005"/>
  <system-out>
    <![CDATA[m2 running]]>
  </system-out>
</testsuite> <!-- Demo.DemoTest2 -->
