<?xml version="1.0" encoding="UTF-8"?>
<!-- Generated by org.testng.reporters.JUnitReportReporter -->
<testsuite hostname="CHAITUVINI" failures="0" tests="1" name="Demo.DemoTest3" time="0.027" errors="0" timestamp="2023-01-10T13:58:28 IST" skipped="0">
  <testcase classname="Demo.DemoTest3" name="m3" time="0.027"/>
  <system-out>
    <![CDATA[hieeeeee]]>
  </system-out>
</testsuite> <!-- Demo.DemoTest3 -->
