<?xml version="1.0" encoding="UTF-8"?>
<!-- Generated by org.testng.reporters.JUnitReportReporter -->
<testsuite hostname="CHAITUVINI" failures="0" tests="1" name="Demo.DemoTest1" time="0.004" errors="0" timestamp="2023-01-10T13:58:28 IST" skipped="0">
  <testcase classname="Demo.DemoTest1" name="m1" time="0.004"/>
  <system-out>
    <![CDATA[hello]]>
  </system-out>
</testsuite> <!-- Demo.DemoTest1 -->
